<?xml version="1.0" encoding="UTF-8"?>
<!-- Generated by org.testng.reporters.JUnitXMLReporter -->
<testsuite hostname="LAPTOP-3ORC4TS8" name="API Automation End to End Tests" tests="10" failures="10" timestamp="21 Nov 2019 17:16:05 GMT" time="12.674" errors="0">
  <testcase name="createIssueTest" time="0.756" classname="flobiz.tests.CreateIssueTest">
    <failure type="java.lang.NoClassDefFoundError" message="com/fasterxml/jackson/annotation/JsonView">
      <![CDATA[java.lang.NoClassDefFoundError: com/fasterxml/jackson/annotation/JsonView
	at com.fasterxml.jackson.databind.introspect.JacksonAnnotationIntrospector.<clinit>(JacksonAnnotationIntrospector.java:37)
	at com.fasterxml.jackson.databind.ObjectMapper.<clinit>(ObjectMapper.java:291)
	at io.restassured.path.json.mapper.factory.DefaultJackson2ObjectMapperFactory.create(DefaultJackson2ObjectMapperFactory.java:29)
	at io.restassured.path.json.mapper.factory.DefaultJackson2ObjectMapperFactory.create(DefaultJackson2ObjectMapperFactory.java:27)
	at io.restassured.common.mapper.factory.ObjectMapperFactory$create.call(Unknown Source)
	at org.codehaus.groovy.runtime.callsite.CallSiteArray.defaultCall(CallSiteArray.java:47)
	at org.codehaus.groovy.runtime.callsite.AbstractCallSite.call(AbstractCallSite.java:115)
	at org.codehaus.groovy.runtime.callsite.AbstractCallSite.call(AbstractCallSite.java:135)
	at io.restassured.internal.mapping.Jackson2Mapper.createJackson2ObjectMapper(Jackson2Mapper.groovy:44)
	at org.codehaus.groovy.runtime.callsite.PlainObjectMetaMethodSite.doInvoke(PlainObjectMetaMethodSite.java:43)
	at org.codehaus.groovy.runtime.callsite.PogoMetaMethodSite$PogoCachedMethodSiteNoUnwrapNoCoerce.invoke(PogoMetaMethodSite.java:190)
	at org.codehaus.groovy.runtime.callsite.PogoMetaMethodSite.callCurrent(PogoMetaMethodSite.java:58)
	at org.codehaus.groovy.runtime.callsite.CallSiteArray.defaultCallCurrent(CallSiteArray.java:51)
	at org.codehaus.groovy.runtime.callsite.AbstractCallSite.callCurrent(AbstractCallSite.java:156)
	at org.codehaus.groovy.runtime.callsite.AbstractCallSite.callCurrent(AbstractCallSite.java:176)
	at io.restassured.internal.mapping.Jackson2Mapper.serialize(Jackson2Mapper.groovy:50)
	at io.restassured.internal.mapping.Jackson2Mapper.serialize(Jackson2Mapper.groovy)
	at io.restassured.mapper.ObjectMapper$serialize.call(Unknown Source)
	at org.codehaus.groovy.runtime.callsite.CallSiteArray.defaultCall(CallSiteArray.java:47)
	at org.codehaus.groovy.runtime.callsite.AbstractCallSite.call(AbstractCallSite.java:115)
	at org.codehaus.groovy.runtime.callsite.AbstractCallSite.call(AbstractCallSite.java:127)
	at io.restassured.internal.mapping.ObjectMapping.serializeWithJackson2(ObjectMapping.groovy:196)
	at org.codehaus.groovy.runtime.callsite.StaticMetaMethodSite$StaticMetaMethodSiteNoUnwrapNoCoerce.invoke(StaticMetaMethodSite.java:149)
	at org.codehaus.groovy.runtime.callsite.StaticMetaMethodSite.callStatic(StaticMetaMethodSite.java:100)
	at org.codehaus.groovy.runtime.callsite.CallSiteArray.defaultCallStatic(CallSiteArray.java:55)
	at org.codehaus.groovy.runtime.callsite.AbstractCallSite.callStatic(AbstractCallSite.java:196)
	at org.codehaus.groovy.runtime.callsite.AbstractCallSite.callStatic(AbstractCallSite.java:216)
	at io.restassured.internal.mapping.ObjectMapping.serialize(ObjectMapping.groovy:141)
	at io.restassured.internal.mapping.ObjectMapping$serialize.call(Unknown Source)
	at org.codehaus.groovy.runtime.callsite.CallSiteArray.defaultCall(CallSiteArray.java:47)
	at org.codehaus.groovy.runtime.callsite.AbstractCallSite.call(AbstractCallSite.java:115)
	at io.restassured.internal.RequestSpecificationImpl.body(RequestSpecificationImpl.groovy:750)
	at flobiz.services.IssueService.createIssue(IssueService.java:46)
	at flobiz.tests.CreateIssueTest.createIssueTest(CreateIssueTest.java:25)
Caused by: java.lang.ClassNotFoundException: com.fasterxml.jackson.annotation.JsonView
	at java.net.URLClassLoader.findClass(URLClassLoader.java:382)
	at java.lang.ClassLoader.loadClass(ClassLoader.java:418)
	at sun.misc.Launcher$AppClassLoader.loadClass(Launcher.java:355)
	at java.lang.ClassLoader.loadClass(ClassLoader.java:351)
	... 67 more
... Removed 33 stack frames]]>
    </failure>
  </testcase> <!-- createIssueTest -->
  <testcase name="createIssueTest" time="0.008" classname="flobiz.tests.CreateIssueTest">
    <failure type="java.lang.NoClassDefFoundError" message="Could not initialize class com.fasterxml.jackson.databind.ObjectMapper">
      <![CDATA[java.lang.NoClassDefFoundError: Could not initialize class com.fasterxml.jackson.databind.ObjectMapper
	at io.restassured.path.json.mapper.factory.DefaultJackson2ObjectMapperFactory.create(DefaultJackson2ObjectMapperFactory.java:29)
	at io.restassured.path.json.mapper.factory.DefaultJackson2ObjectMapperFactory.create(DefaultJackson2ObjectMapperFactory.java:27)
	at io.restassured.common.mapper.factory.ObjectMapperFactory$create.call(Unknown Source)
	at io.restassured.internal.mapping.Jackson2Mapper.createJackson2ObjectMapper(Jackson2Mapper.groovy:44)
	at org.codehaus.groovy.runtime.callsite.PlainObjectMetaMethodSite.doInvoke(PlainObjectMetaMethodSite.java:43)
	at org.codehaus.groovy.runtime.callsite.PogoMetaMethodSite$PogoCachedMethodSiteNoUnwrapNoCoerce.invoke(PogoMetaMethodSite.java:190)
	at org.codehaus.groovy.runtime.callsite.PogoMetaMethodSite.callCurrent(PogoMetaMethodSite.java:58)
	at org.codehaus.groovy.runtime.callsite.AbstractCallSite.callCurrent(AbstractCallSite.java:176)
	at io.restassured.internal.mapping.Jackson2Mapper.serialize(Jackson2Mapper.groovy:50)
	at io.restassured.internal.mapping.Jackson2Mapper.serialize(Jackson2Mapper.groovy)
	at io.restassured.mapper.ObjectMapper$serialize.call(Unknown Source)
	at io.restassured.internal.mapping.ObjectMapping.serializeWithJackson2(ObjectMapping.groovy:196)
	at org.codehaus.groovy.runtime.callsite.StaticMetaMethodSite$StaticMetaMethodSiteNoUnwrapNoCoerce.invoke(StaticMetaMethodSite.java:149)
	at org.codehaus.groovy.runtime.callsite.StaticMetaMethodSite.callStatic(StaticMetaMethodSite.java:100)
	at org.codehaus.groovy.runtime.callsite.AbstractCallSite.callStatic(AbstractCallSite.java:216)
	at io.restassured.internal.mapping.ObjectMapping.serialize(ObjectMapping.groovy:141)
	at io.restassured.internal.mapping.ObjectMapping$serialize.call(Unknown Source)
	at io.restassured.internal.RequestSpecificationImpl.body(RequestSpecificationImpl.groovy:750)
	at flobiz.services.IssueService.createIssue(IssueService.java:46)
	at flobiz.tests.CreateIssueTest.createIssueTest(CreateIssueTest.java:25)
... Removed 33 stack frames]]>
    </failure>
  </testcase> <!-- createIssueTest -->
  <testcase name="createIssueTest" time="0.023" classname="flobiz.tests.CreateIssueTest">
    <failure type="java.lang.NoClassDefFoundError" message="Could not initialize class com.fasterxml.jackson.databind.ObjectMapper">
      <![CDATA[java.lang.NoClassDefFoundError: Could not initialize class com.fasterxml.jackson.databind.ObjectMapper
	at io.restassured.path.json.mapper.factory.DefaultJackson2ObjectMapperFactory.create(DefaultJackson2ObjectMapperFactory.java:29)
	at io.restassured.path.json.mapper.factory.DefaultJackson2ObjectMapperFactory.create(DefaultJackson2ObjectMapperFactory.java:27)
	at io.restassured.common.mapper.factory.ObjectMapperFactory$create.call(Unknown Source)
	at io.restassured.internal.mapping.Jackson2Mapper.createJackson2ObjectMapper(Jackson2Mapper.groovy:44)
	at org.codehaus.groovy.runtime.callsite.PlainObjectMetaMethodSite.doInvoke(PlainObjectMetaMethodSite.java:43)
	at org.codehaus.groovy.runtime.callsite.PogoMetaMethodSite$PogoCachedMethodSiteNoUnwrapNoCoerce.invoke(PogoMetaMethodSite.java:190)
	at org.codehaus.groovy.runtime.callsite.PogoMetaMethodSite.callCurrent(PogoMetaMethodSite.java:58)
	at org.codehaus.groovy.runtime.callsite.AbstractCallSite.callCurrent(AbstractCallSite.java:176)
	at io.restassured.internal.mapping.Jackson2Mapper.serialize(Jackson2Mapper.groovy:50)
	at io.restassured.internal.mapping.Jackson2Mapper.serialize(Jackson2Mapper.groovy)
	at io.restassured.mapper.ObjectMapper$serialize.call(Unknown Source)
	at io.restassured.internal.mapping.ObjectMapping.serializeWithJackson2(ObjectMapping.groovy:196)
	at org.codehaus.groovy.runtime.callsite.StaticMetaMethodSite$StaticMetaMethodSiteNoUnwrapNoCoerce.invoke(StaticMetaMethodSite.java:149)
	at org.codehaus.groovy.runtime.callsite.StaticMetaMethodSite.callStatic(StaticMetaMethodSite.java:100)
	at org.codehaus.groovy.runtime.callsite.AbstractCallSite.callStatic(AbstractCallSite.java:216)
	at io.restassured.internal.mapping.ObjectMapping.serialize(ObjectMapping.groovy:141)
	at io.restassured.internal.mapping.ObjectMapping$serialize.call(Unknown Source)
	at io.restassured.internal.RequestSpecificationImpl.body(RequestSpecificationImpl.groovy:750)
	at flobiz.services.IssueService.createIssue(IssueService.java:46)
	at flobiz.tests.CreateIssueTest.createIssueTest(CreateIssueTest.java:25)
... Removed 33 stack frames]]>
    </failure>
  </testcase> <!-- createIssueTest -->
  <testcase name="getAllIssuesTest" time="4.689" classname="flobiz.tests.GetAllIssueTest">
    <failure type="java.lang.AssertionError" message="expected [5da6fbfd8a759833000033b7] but found [5da700e58a759833000033e5]">
      <![CDATA[java.lang.AssertionError: expected [5da6fbfd8a759833000033b7] but found [5da700e58a759833000033e5]
	at flobiz.tests.GetAllIssueTest.getAllIssuesTest(GetAllIssueTest.java:33)
... Removed 30 stack frames]]>
    </failure>
  </testcase> <!-- getAllIssuesTest -->
  <testcase name="getIssueByIdTest" time="1.947" classname="flobiz.tests.GetIssueByIdTest">
    <failure type="java.lang.AssertionError" message="expected [jbeejones@gmail.com] but found [naren2profession@gmail.com]">
      <![CDATA[java.lang.AssertionError: expected [jbeejones@gmail.com] but found [naren2profession@gmail.com]
	at flobiz.tests.GetIssueByIdTest.getIssueByIdTest(GetIssueByIdTest.java:29)
... Removed 30 stack frames]]>
    </failure>
  </testcase> <!-- getIssueByIdTest -->
  <testcase name="getIssueByQueryTest" time="2.65" classname="flobiz.tests.GetIssuesByQueryTest">
    <failure type="java.lang.AssertionError" message="expected [Everything is jammed.] but found [This is a Edited issue of previous one]">
      <![CDATA[java.lang.AssertionError: expected [Everything is jammed.] but found [This is a Edited issue of previous one]
	at flobiz.tests.GetIssuesByQueryTest.getIssueByQueryTest(GetIssuesByQueryTest.java:27)
... Removed 30 stack frames]]>
    </failure>
  </testcase> <!-- getIssueByQueryTest -->
  <testcase name="getIssueByQueryTest" time="2.452" classname="flobiz.tests.GetIssuesByQueryTest">
    <failure type="java.lang.AssertionError" message="expected [Everything is jammed.] but found [This is a Edited issue of previous one]">
      <![CDATA[java.lang.AssertionError: expected [Everything is jammed.] but found [This is a Edited issue of previous one]
	at flobiz.tests.GetIssuesByQueryTest.getIssueByQueryTest(GetIssuesByQueryTest.java:27)
... Removed 30 stack frames]]>
    </failure>
  </testcase> <!-- getIssueByQueryTest -->
  <testcase name="modifyIssueTest" time="0.007" classname="flobiz.tests.ModifyIssueTest">
    <failure type="com.google.gson.JsonSyntaxException" message="com.google.gson.stream.MalformedJsonException: Unterminated string at line 3 column 2 path $.title">
      <![CDATA[com.google.gson.JsonSyntaxException: com.google.gson.stream.MalformedJsonException: Unterminated string at line 3 column 2 path $.title
	at com.google.gson.Gson.fromJson(Gson.java:942)
	at com.google.gson.Gson.fromJson(Gson.java:865)
	at flobiz.utils.JsonUtility.createTemplate(JsonUtility.java:16)
	at flobiz.services.IssueService.modifyIssue(IssueService.java:56)
	at flobiz.tests.ModifyIssueTest.modifyIssueTest(ModifyIssueTest.java:24)
Caused by: com.google.gson.stream.MalformedJsonException: Unterminated string at line 3 column 2 path $.title
	at com.google.gson.stream.JsonReader.syntaxError(JsonReader.java:1568)
	at com.google.gson.stream.JsonReader.nextQuotedValue(JsonReader.java:1031)
	at com.google.gson.stream.JsonReader.nextString(JsonReader.java:815)
	at com.google.gson.internal.bind.TypeAdapters$16.read(TypeAdapters.java:402)
	at com.google.gson.internal.bind.TypeAdapters$16.read(TypeAdapters.java:390)
	at com.google.gson.internal.bind.ReflectiveTypeAdapterFactory$1.read(ReflectiveTypeAdapterFactory.java:131)
	at com.google.gson.internal.bind.ReflectiveTypeAdapterFactory$Adapter.read(ReflectiveTypeAdapterFactory.java:222)
	at com.google.gson.Gson.fromJson(Gson.java:927)
	... 28 more
... Removed 24 stack frames]]>
    </failure>
  </testcase> <!-- modifyIssueTest -->
  <testcase name="modifyIssueTest" time="0.003" classname="flobiz.tests.ModifyIssueTest">
    <failure type="com.google.gson.JsonSyntaxException" message="com.google.gson.stream.MalformedJsonException: Unterminated string at line 3 column 2 path $.title">
      <![CDATA[com.google.gson.JsonSyntaxException: com.google.gson.stream.MalformedJsonException: Unterminated string at line 3 column 2 path $.title
	at com.google.gson.Gson.fromJson(Gson.java:942)
	at com.google.gson.Gson.fromJson(Gson.java:865)
	at flobiz.utils.JsonUtility.createTemplate(JsonUtility.java:16)
	at flobiz.services.IssueService.modifyIssue(IssueService.java:56)
	at flobiz.tests.ModifyIssueTest.modifyIssueTest(ModifyIssueTest.java:24)
Caused by: com.google.gson.stream.MalformedJsonException: Unterminated string at line 3 column 2 path $.title
	at com.google.gson.stream.JsonReader.syntaxError(JsonReader.java:1568)
	at com.google.gson.stream.JsonReader.nextQuotedValue(JsonReader.java:1031)
	at com.google.gson.stream.JsonReader.nextString(JsonReader.java:815)
	at com.google.gson.internal.bind.TypeAdapters$16.read(TypeAdapters.java:402)
	at com.google.gson.internal.bind.TypeAdapters$16.read(TypeAdapters.java:390)
	at com.google.gson.internal.bind.ReflectiveTypeAdapterFactory$1.read(ReflectiveTypeAdapterFactory.java:131)
	at com.google.gson.internal.bind.ReflectiveTypeAdapterFactory$Adapter.read(ReflectiveTypeAdapterFactory.java:222)
	at com.google.gson.Gson.fromJson(Gson.java:927)
	... 28 more
... Removed 24 stack frames]]>
    </failure>
  </testcase> <!-- modifyIssueTest -->
  <testcase name="modifyIssueTest" time="0.005" classname="flobiz.tests.ModifyIssueTest">
    <failure type="com.google.gson.JsonSyntaxException" message="com.google.gson.stream.MalformedJsonException: Unterminated string at line 3 column 2 path $.title">
      <![CDATA[com.google.gson.JsonSyntaxException: com.google.gson.stream.MalformedJsonException: Unterminated string at line 3 column 2 path $.title
	at com.google.gson.Gson.fromJson(Gson.java:942)
	at com.google.gson.Gson.fromJson(Gson.java:865)
	at flobiz.utils.JsonUtility.createTemplate(JsonUtility.java:16)
	at flobiz.services.IssueService.modifyIssue(IssueService.java:56)
	at flobiz.tests.ModifyIssueTest.modifyIssueTest(ModifyIssueTest.java:24)
Caused by: com.google.gson.stream.MalformedJsonException: Unterminated string at line 3 column 2 path $.title
	at com.google.gson.stream.JsonReader.syntaxError(JsonReader.java:1568)
	at com.google.gson.stream.JsonReader.nextQuotedValue(JsonReader.java:1031)
	at com.google.gson.stream.JsonReader.nextString(JsonReader.java:815)
	at com.google.gson.internal.bind.TypeAdapters$16.read(TypeAdapters.java:402)
	at com.google.gson.internal.bind.TypeAdapters$16.read(TypeAdapters.java:390)
	at com.google.gson.internal.bind.ReflectiveTypeAdapterFactory$1.read(ReflectiveTypeAdapterFactory.java:131)
	at com.google.gson.internal.bind.ReflectiveTypeAdapterFactory$Adapter.read(ReflectiveTypeAdapterFactory.java:222)
	at com.google.gson.Gson.fromJson(Gson.java:927)
	... 28 more
... Removed 24 stack frames]]>
    </failure>
  </testcase> <!-- modifyIssueTest -->
</testsuite> <!-- API Automation End to End Tests -->
