<?xml version="1.0" encoding="UTF-8"?>
<!-- Generated by org.testng.reporters.JUnitXMLReporter -->
<testsuite hostname="LAP-1004" name="all-tests" tests="10" failures="3" timestamp="22 Oct 2019 00:09:12 GMT" time="42.692" errors="0">
  <testcase name="createIssueTest" time="25.906" classname="flobiz.tests.CreateIssueTest"/>
  <testcase name="createIssueTest" time="4.019" classname="flobiz.tests.CreateIssueTest"/>
  <testcase name="createIssueTest" time="3.872" classname="flobiz.tests.CreateIssueTest"/>
  <testcase name="getAllIssuesTest" time="3.032" classname="flobiz.tests.GetAllIssueTest"/>
  <testcase name="getIssueByIdTest" time="1.605" classname="flobiz.tests.GetIssueByIdTest"/>
  <testcase name="getIssueByQueryTest" time="1.941" classname="flobiz.tests.GetIssuesByQueryTest"/>
  <testcase name="getIssueByQueryTest" time="2.037" classname="flobiz.tests.GetIssuesByQueryTest"/>
  <testcase name="modifyIssueTest" time="0.013" classname="flobiz.tests.ModifyIssueTest">
    <failure type="com.google.gson.JsonSyntaxException" message="com.google.gson.stream.MalformedJsonException: Unterminated string at line 3 column 2 path $.title">
      <![CDATA[com.google.gson.JsonSyntaxException: com.google.gson.stream.MalformedJsonException: Unterminated string at line 3 column 2 path $.title
	at com.google.gson.Gson.fromJson(Gson.java:942)
	at com.google.gson.Gson.fromJson(Gson.java:865)
	at flobiz.utils.JsonUtility.createTemplate(JsonUtility.java:16)
	at flobiz.services.IssueService.modifyIssue(IssueService.java:56)
	at flobiz.tests.ModifyIssueTest.modifyIssueTest(ModifyIssueTest.java:24)
Caused by: com.google.gson.stream.MalformedJsonException: Unterminated string at line 3 column 2 path $.title
	at com.google.gson.stream.JsonReader.syntaxError(JsonReader.java:1568)
	at com.google.gson.stream.JsonReader.nextQuotedValue(JsonReader.java:1031)
	at com.google.gson.stream.JsonReader.nextString(JsonReader.java:815)
	at com.google.gson.internal.bind.TypeAdapters$16.read(TypeAdapters.java:402)
	at com.google.gson.internal.bind.TypeAdapters$16.read(TypeAdapters.java:390)
	at com.google.gson.internal.bind.ReflectiveTypeAdapterFactory$1.read(ReflectiveTypeAdapterFactory.java:131)
	at com.google.gson.internal.bind.ReflectiveTypeAdapterFactory$Adapter.read(ReflectiveTypeAdapterFactory.java:222)
	at com.google.gson.Gson.fromJson(Gson.java:927)
	... 28 more
... Removed 24 stack frames]]>
    </failure>
  </testcase> <!-- modifyIssueTest -->
  <testcase name="modifyIssueTest" time="0.019" classname="flobiz.tests.ModifyIssueTest">
    <failure type="com.google.gson.JsonSyntaxException" message="com.google.gson.stream.MalformedJsonException: Unterminated string at line 3 column 2 path $.title">
      <![CDATA[com.google.gson.JsonSyntaxException: com.google.gson.stream.MalformedJsonException: Unterminated string at line 3 column 2 path $.title
	at com.google.gson.Gson.fromJson(Gson.java:942)
	at com.google.gson.Gson.fromJson(Gson.java:865)
	at flobiz.utils.JsonUtility.createTemplate(JsonUtility.java:16)
	at flobiz.services.IssueService.modifyIssue(IssueService.java:56)
	at flobiz.tests.ModifyIssueTest.modifyIssueTest(ModifyIssueTest.java:24)
Caused by: com.google.gson.stream.MalformedJsonException: Unterminated string at line 3 column 2 path $.title
	at com.google.gson.stream.JsonReader.syntaxError(JsonReader.java:1568)
	at com.google.gson.stream.JsonReader.nextQuotedValue(JsonReader.java:1031)
	at com.google.gson.stream.JsonReader.nextString(JsonReader.java:815)
	at com.google.gson.internal.bind.TypeAdapters$16.read(TypeAdapters.java:402)
	at com.google.gson.internal.bind.TypeAdapters$16.read(TypeAdapters.java:390)
	at com.google.gson.internal.bind.ReflectiveTypeAdapterFactory$1.read(ReflectiveTypeAdapterFactory.java:131)
	at com.google.gson.internal.bind.ReflectiveTypeAdapterFactory$Adapter.read(ReflectiveTypeAdapterFactory.java:222)
	at com.google.gson.Gson.fromJson(Gson.java:927)
	... 28 more
... Removed 24 stack frames]]>
    </failure>
  </testcase> <!-- modifyIssueTest -->
  <testcase name="modifyIssueTest" time="0.024" classname="flobiz.tests.ModifyIssueTest">
    <failure type="com.google.gson.JsonSyntaxException" message="com.google.gson.stream.MalformedJsonException: Unterminated string at line 3 column 2 path $.title">
      <![CDATA[com.google.gson.JsonSyntaxException: com.google.gson.stream.MalformedJsonException: Unterminated string at line 3 column 2 path $.title
	at com.google.gson.Gson.fromJson(Gson.java:942)
	at com.google.gson.Gson.fromJson(Gson.java:865)
	at flobiz.utils.JsonUtility.createTemplate(JsonUtility.java:16)
	at flobiz.services.IssueService.modifyIssue(IssueService.java:56)
	at flobiz.tests.ModifyIssueTest.modifyIssueTest(ModifyIssueTest.java:24)
Caused by: com.google.gson.stream.MalformedJsonException: Unterminated string at line 3 column 2 path $.title
	at com.google.gson.stream.JsonReader.syntaxError(JsonReader.java:1568)
	at com.google.gson.stream.JsonReader.nextQuotedValue(JsonReader.java:1031)
	at com.google.gson.stream.JsonReader.nextString(JsonReader.java:815)
	at com.google.gson.internal.bind.TypeAdapters$16.read(TypeAdapters.java:402)
	at com.google.gson.internal.bind.TypeAdapters$16.read(TypeAdapters.java:390)
	at com.google.gson.internal.bind.ReflectiveTypeAdapterFactory$1.read(ReflectiveTypeAdapterFactory.java:131)
	at com.google.gson.internal.bind.ReflectiveTypeAdapterFactory$Adapter.read(ReflectiveTypeAdapterFactory.java:222)
	at com.google.gson.Gson.fromJson(Gson.java:927)
	... 28 more
... Removed 24 stack frames]]>
    </failure>
  </testcase> <!-- modifyIssueTest -->
</testsuite> <!-- all-tests -->
